<?xml version="1.0" encoding="UTF-8"?>
<!-- Generated by org.testng.reporters.JUnitXMLReporter -->
<testsuite ignored="0" hostname="Amits-MacBook-Air.local" failures="0" tests="5" name="Surefire test" time="18.302" errors="0" timestamp="2025-08-05T16:36:57 IST">
  <testcase classname="tests.LoginTest" name="blankEmailAndPassword" time="0.474"/>
  <testcase classname="tests.LoginTest" name="invalidEmailTest" time="1.534"/>
  <testcase classname="tests.LoginTest" name="invalidPasswordTest" time="1.985"/>
  <testcase classname="tests.LoginTest" name="validTestLogin" time="1.048"/>
  <testcase classname="tests.UserManagementTest" name="addFormUM" time="1.028"/>
</testsuite> <!-- Surefire test -->
