<?xml version="1.0" encoding="UTF-8"?>
<testng-results ignored="0" total="5" passed="5" failed="0" skipped="0">
  <reporter-output>
  </reporter-output>
  <suite started-at="2025-08-05T16:36:39 IST" name="Surefire suite" finished-at="2025-08-05T16:36:57 IST" duration-ms="18302">
    <groups>
    </groups>
    <test started-at="2025-08-05T16:36:39 IST" name="Surefire test" finished-at="2025-08-05T16:36:57 IST" duration-ms="18302">
      <class name="tests.LoginTest">
        <test-method is-config="true" signature="setUp()[pri:0, instance:tests.LoginTest@5bfa9431]" started-at="2025-08-05T16:36:39 IST" name="setUp" finished-at="2025-08-05T16:36:42 IST" duration-ms="3316" status="PASS">
          <reporter-output>
          </reporter-output>
        </test-method> <!-- setUp -->
        <test-method signature="blankEmailAndPassword()[pri:0, instance:tests.LoginTest@5bfa9431]" started-at="2025-08-05T16:36:42 IST" name="blankEmailAndPassword" finished-at="2025-08-05T16:36:42 IST" duration-ms="474" status="PASS">
          <reporter-output>
          </reporter-output>
        </test-method> <!-- blankEmailAndPassword -->
        <test-method is-config="true" signature="setUp()[pri:0, instance:tests.LoginTest@5bfa9431]" started-at="2025-08-05T16:36:42 IST" name="setUp" finished-at="2025-08-05T16:36:44 IST" duration-ms="1941" status="PASS">
          <reporter-output>
          </reporter-output>
        </test-method> <!-- setUp -->
        <test-method signature="invalidEmailTest()[pri:0, instance:tests.LoginTest@5bfa9431]" started-at="2025-08-05T16:36:44 IST" name="invalidEmailTest" finished-at="2025-08-05T16:36:46 IST" duration-ms="1534" status="PASS">
          <reporter-output>
          </reporter-output>
        </test-method> <!-- invalidEmailTest -->
        <test-method is-config="true" signature="setUp()[pri:0, instance:tests.LoginTest@5bfa9431]" started-at="2025-08-05T16:36:46 IST" name="setUp" finished-at="2025-08-05T16:36:48 IST" duration-ms="1824" status="PASS">
          <reporter-output>
          </reporter-output>
        </test-method> <!-- setUp -->
        <test-method signature="invalidPasswordTest()[pri:0, instance:tests.LoginTest@5bfa9431]" started-at="2025-08-05T16:36:48 IST" name="invalidPasswordTest" finished-at="2025-08-05T16:36:50 IST" duration-ms="1985" status="PASS">
          <reporter-output>
          </reporter-output>
        </test-method> <!-- invalidPasswordTest -->
        <test-method is-config="true" signature="setUp()[pri:0, instance:tests.LoginTest@5bfa9431]" started-at="2025-08-05T16:36:50 IST" name="setUp" finished-at="2025-08-05T16:36:52 IST" duration-ms="2445" status="PASS">
          <reporter-output>
          </reporter-output>
        </test-method> <!-- setUp -->
        <test-method signature="validTestLogin()[pri:0, instance:tests.LoginTest@5bfa9431]" started-at="2025-08-05T16:36:52 IST" name="validTestLogin" finished-at="2025-08-05T16:36:53 IST" duration-ms="1048" status="PASS">
          <reporter-output>
          </reporter-output>
        </test-method> <!-- validTestLogin -->
      </class> <!-- tests.LoginTest -->
      <class name="tests.UserManagementTest">
        <test-method is-config="true" signature="setUp()[pri:0, instance:tests.UserManagementTest@71b1176b]" started-at="2025-08-05T16:36:53 IST" name="setUp" finished-at="2025-08-05T16:36:56 IST" duration-ms="2670" status="PASS">
          <reporter-output>
          </reporter-output>
        </test-method> <!-- setUp -->
        <test-method signature="addFormUM()[pri:0, instance:tests.UserManagementTest@71b1176b]" started-at="2025-08-05T16:36:56 IST" name="addFormUM" finished-at="2025-08-05T16:36:57 IST" duration-ms="1028" status="PASS">
          <reporter-output>
          </reporter-output>
        </test-method> <!-- addFormUM -->
      </class> <!-- tests.UserManagementTest -->
    </test> <!-- Surefire test -->
  </suite> <!-- Surefire suite -->
</testng-results>
